2020-05-23 18:53:20  Started /home/ics45c/projects/proj4/out/bin/a.out.app
2020-05-23 18:54:26  Stopped /home/ics45c/projects/proj4/out/bin/a.out.app
2020-05-23 18:54:27  Started /home/ics45c/projects/proj4/out/bin/a.out.app
2020-05-23 18:54:31  Stopped /home/ics45c/projects/proj4/out/bin/a.out.app
2020-05-23 18:54:40  Started /home/ics45c/projects/proj4/out/bin/a.out.app
2020-05-23 18:54:42  Stopped /home/ics45c/projects/proj4/out/bin/a.out.app
2020-05-23 18:56:51  Started /home/ics45c/projects/proj4/out/bin/a.out.app
2020-05-23 18:56:55  Stopped /home/ics45c/projects/proj4/out/bin/a.out.app
2020-05-23 18:57:24  Started /home/ics45c/projects/proj4/out/bin/a.out.app
2020-05-23 18:57:33  Stopped /home/ics45c/projects/proj4/out/bin/a.out.app
2020-05-23 18:57:46  Started /home/ics45c/projects/proj4/out/bin/a.out.app
2020-05-23 18:57:52  Stopped /home/ics45c/projects/proj4/out/bin/a.out.app
2020-05-23 19:19:54  Started /home/ics45c/projects/proj4/out/bin/a.out.app
2020-05-23 19:19:57  Stopped /home/ics45c/projects/proj4/out/bin/a.out.app
2020-05-23 19:24:19  Started /home/ics45c/projects/proj4/out/bin/a.out.app
2020-05-23 19:24:24  Stopped /home/ics45c/projects/proj4/out/bin/a.out.app
2020-05-23 19:24:58  Started /home/ics45c/projects/proj4/out/bin/a.out.app
2020-05-23 19:25:02  Stopped /home/ics45c/projects/proj4/out/bin/a.out.app
2020-05-23 19:31:48  Started /home/ics45c/projects/proj4/out/bin/a.out.app
2020-05-23 19:38:49  Stopped /home/ics45c/projects/proj4/out/bin/a.out.app
2020-05-23 19:45:30  Started /home/ics45c/projects/proj4/out/bin/a.out.app
2020-05-23 19:46:26  Stopped /home/ics45c/projects/proj4/out/bin/a.out.app
2020-05-23 19:46:36  Started /home/ics45c/projects/proj4/out/bin/a.out.app
2020-05-23 19:46:42  Stopped /home/ics45c/projects/proj4/out/bin/a.out.app
2020-05-23 19:53:50  Started /home/ics45c/projects/proj4/out/bin/a.out.app
2020-05-23 19:53:53  Stopped /home/ics45c/projects/proj4/out/bin/a.out.app
2020-05-23 19:54:28  Started /home/ics45c/projects/proj4/out/bin/a.out.app
2020-05-23 19:56:13  Stopped /home/ics45c/projects/proj4/out/bin/a.out.app
2020-05-23 19:56:19  Started /home/ics45c/projects/proj4/out/bin/a.out.app
2020-05-23 19:57:22  Stopped /home/ics45c/projects/proj4/out/bin/a.out.app
2020-05-23 19:57:26  Started /home/ics45c/projects/proj4/out/bin/a.out.app
2020-05-23 19:57:29  Stopped /home/ics45c/projects/proj4/out/bin/a.out.app
2020-05-23 20:12:16  Started /home/ics45c/projects/proj4/out/bin/a.out.app
2020-05-23 20:12:27  Stopped /home/ics45c/projects/proj4/out/bin/a.out.app
2020-05-23 20:12:32  Started /home/ics45c/projects/proj4/out/bin/a.out.app
2020-05-23 20:13:17  Stopped /home/ics45c/projects/proj4/out/bin/a.out.app
2020-05-23 20:13:22  Started /home/ics45c/projects/proj4/out/bin/a.out.app
2020-05-23 20:13:34  Stopped /home/ics45c/projects/proj4/out/bin/a.out.app
2020-05-23 20:19:14  Started /home/ics45c/projects/proj4/out/bin/a.out.app
2020-05-23 20:19:47  Stopped /home/ics45c/projects/proj4/out/bin/a.out.app
2020-05-23 20:25:41  Started /home/ics45c/projects/proj4/example/booedit
2020-05-23 20:26:53  Stopped /home/ics45c/projects/proj4/example/booedit
2020-05-23 20:26:54  Started /home/ics45c/projects/proj4/example/booedit
2020-05-23 20:27:32  Stopped /home/ics45c/projects/proj4/example/booedit
2020-05-25 15:22:15  Started /home/ics45c/projects/proj4/out/bin/a.out.app
2020-05-25 15:22:45  Stopped /home/ics45c/projects/proj4/out/bin/a.out.app
2020-05-25 15:22:48  Started /home/ics45c/projects/proj4/out/bin/a.out.app
2020-05-25 15:23:18  Stopped /home/ics45c/projects/proj4/out/bin/a.out.app
2020-05-25 15:23:40  Started /home/ics45c/projects/proj4/example/booedit
2020-05-25 15:25:14  Stopped /home/ics45c/projects/proj4/example/booedit
2020-05-25 15:45:10  Started /home/ics45c/projects/proj4/example/booedit
2020-05-25 15:45:11  Stopped /home/ics45c/projects/proj4/example/booedit
2020-05-25 15:45:12  Started /home/ics45c/projects/proj4/out/bin/a.out.app
2020-05-25 15:45:17  Stopped /home/ics45c/projects/proj4/out/bin/a.out.app
2020-05-25 17:01:46  Started /home/ics45c/projects/proj4/example/booedit
2020-05-25 17:01:58  Stopped /home/ics45c/projects/proj4/example/booedit
2020-05-25 17:02:23  Started /home/ics45c/projects/proj4/out/bin/a.out.app
2020-05-25 17:04:09  Stopped /home/ics45c/projects/proj4/out/bin/a.out.app
2020-05-25 17:04:12  Started /home/ics45c/projects/proj4/out/bin/a.out.app
2020-05-25 17:04:26  Stopped /home/ics45c/projects/proj4/out/bin/a.out.app
2020-05-25 17:10:27  Started /home/ics45c/projects/proj4/out/bin/a.out.app
2020-05-25 17:10:29  Stopped /home/ics45c/projects/proj4/out/bin/a.out.app
2020-05-25 17:12:32  Started /home/ics45c/projects/proj4/example/booedit
2020-05-25 17:12:59  Stopped /home/ics45c/projects/proj4/example/booedit
2020-05-25 17:17:24  Started /home/ics45c/projects/proj4/out/bin/a.out.app
2020-05-25 17:19:36  Stopped /home/ics45c/projects/proj4/out/bin/a.out.app
2020-05-25 17:19:37  Started /home/ics45c/projects/proj4/out/bin/a.out.app
2020-05-25 17:19:55  Stopped /home/ics45c/projects/proj4/out/bin/a.out.app
2020-05-25 17:20:01  Started /home/ics45c/projects/proj4/example/booedit
2020-05-25 17:32:54  Stopped /home/ics45c/projects/proj4/example/booedit
2020-05-25 17:32:59  Started /home/ics45c/projects/proj4/out/bin/a.out.app
2020-05-25 17:33:04  Stopped /home/ics45c/projects/proj4/out/bin/a.out.app
2020-05-25 17:43:36  Started /home/ics45c/projects/proj4/out/bin/a.out.app
2020-05-25 17:43:42  Stopped /home/ics45c/projects/proj4/out/bin/a.out.app
2020-05-25 17:44:55  Started /home/ics45c/projects/proj4/example/booedit
2020-05-25 17:55:55  Stopped /home/ics45c/projects/proj4/example/booedit
2020-05-25 18:00:51  Started /home/ics45c/projects/proj4/out/bin/a.out.app
2020-05-25 18:00:54  Stopped /home/ics45c/projects/proj4/out/bin/a.out.app
2020-05-25 18:03:09  Started /home/ics45c/projects/proj4/out/bin/a.out.app
2020-05-25 18:05:34  Stopped /home/ics45c/projects/proj4/out/bin/a.out.app
2020-05-25 18:07:57  Started /home/ics45c/projects/proj4/out/bin/a.out.app
2020-05-25 18:07:59  Stopped /home/ics45c/projects/proj4/out/bin/a.out.app
2020-05-25 18:08:38  Started /home/ics45c/projects/proj4/out/bin/a.out.app
2020-05-25 18:09:20  Stopped /home/ics45c/projects/proj4/out/bin/a.out.app
2020-05-25 18:10:13  Started /home/ics45c/projects/proj4/out/bin/a.out.app
2020-05-25 18:18:29  Stopped /home/ics45c/projects/proj4/out/bin/a.out.app
2020-05-25 18:18:34  Started /home/ics45c/projects/proj4/out/bin/a.out.app
2020-05-25 18:18:35  Stopped /home/ics45c/projects/proj4/out/bin/a.out.app
2020-05-25 18:19:15  Started /home/ics45c/projects/proj4/out/bin/a.out.app
2020-05-25 18:19:17  Stopped /home/ics45c/projects/proj4/out/bin/a.out.app
2020-05-25 18:20:37  Started /home/ics45c/projects/proj4/out/bin/a.out.app
2020-05-25 18:20:39  Stopped /home/ics45c/projects/proj4/out/bin/a.out.app
2020-05-25 18:30:18  Started /home/ics45c/projects/proj4/out/bin/a.out.app
2020-05-25 18:30:56  Stopped /home/ics45c/projects/proj4/out/bin/a.out.app
2020-05-25 18:31:00  Started /home/ics45c/projects/proj4/out/bin/a.out.app
2020-05-25 18:31:03  Stopped /home/ics45c/projects/proj4/out/bin/a.out.app
2020-05-25 18:31:30  Started /home/ics45c/projects/proj4/out/bin/a.out.app
2020-05-25 18:31:32  Stopped /home/ics45c/projects/proj4/out/bin/a.out.app
2020-05-25 18:31:59  Started /home/ics45c/projects/proj4/out/bin/a.out.app
2020-05-25 18:32:04  Stopped /home/ics45c/projects/proj4/out/bin/a.out.app
2020-05-25 18:33:29  Started /home/ics45c/projects/proj4/out/bin/a.out.app
2020-05-25 18:33:35  Stopped /home/ics45c/projects/proj4/out/bin/a.out.app
2020-05-25 18:45:05  Started /home/ics45c/projects/proj4/out/bin/a.out.app
2020-05-25 18:45:07  Stopped /home/ics45c/projects/proj4/out/bin/a.out.app
2020-05-25 18:45:10  Started /home/ics45c/projects/proj4/out/bin/a.out.app
2020-05-25 18:45:14  Stopped /home/ics45c/projects/proj4/out/bin/a.out.app
2020-05-25 18:46:19  Started /home/ics45c/projects/proj4/out/bin/a.out.app
2020-05-25 18:47:02  Stopped /home/ics45c/projects/proj4/out/bin/a.out.app
2020-05-25 18:47:07  Started /home/ics45c/projects/proj4/out/bin/a.out.app
2020-05-25 18:56:58  Stopped /home/ics45c/projects/proj4/out/bin/a.out.app
2020-05-25 18:57:43  Started /home/ics45c/projects/proj4/out/bin/a.out.app
2020-05-25 18:58:04  Stopped /home/ics45c/projects/proj4/out/bin/a.out.app
2020-05-25 19:00:44  Started /home/ics45c/projects/proj4/out/bin/a.out.app
2020-05-25 19:01:08  Stopped /home/ics45c/projects/proj4/out/bin/a.out.app
2020-05-25 19:01:15  Started /home/ics45c/projects/proj4/example/booedit
2020-05-25 19:01:31  Stopped /home/ics45c/projects/proj4/example/booedit
2020-05-25 19:06:44  Started /home/ics45c/projects/proj4/example/booedit
2020-05-25 19:07:24  Stopped /home/ics45c/projects/proj4/example/booedit
2020-05-25 19:22:34  Started /home/ics45c/projects/proj4/out/bin/a.out.app
2020-05-25 19:23:03  Stopped /home/ics45c/projects/proj4/out/bin/a.out.app
2020-05-25 19:29:49  Started /home/ics45c/projects/proj4/out/bin/a.out.app
2020-05-25 19:29:53  Stopped /home/ics45c/projects/proj4/out/bin/a.out.app
2020-05-25 19:30:04  Started /home/ics45c/projects/proj4/out/bin/a.out.app
2020-05-25 19:30:14  Stopped /home/ics45c/projects/proj4/out/bin/a.out.app
2020-05-25 19:30:14  Started /home/ics45c/projects/proj4/out/bin/a.out.app
2020-05-25 19:30:23  Stopped /home/ics45c/projects/proj4/out/bin/a.out.app
2020-05-25 19:30:30  Started /home/ics45c/projects/proj4/example/booedit
2020-05-25 19:30:37  Stopped /home/ics45c/projects/proj4/example/booedit
2020-05-25 19:31:30  Started /home/ics45c/projects/proj4/example/booedit
2020-05-25 19:33:18  Stopped /home/ics45c/projects/proj4/example/booedit
2020-05-25 19:57:06  Started /home/ics45c/projects/proj4/out/bin/a.out.app
2020-05-25 19:57:22  Stopped /home/ics45c/projects/proj4/out/bin/a.out.app
2020-05-26 17:14:46  Started /home/ics45c/projects/proj4/out/bin/a.out.app
2020-05-26 17:17:31  Stopped /home/ics45c/projects/proj4/out/bin/a.out.app
2020-05-26 17:17:37  Started /home/ics45c/projects/proj4/example/booedit
2020-05-26 17:17:44  Stopped /home/ics45c/projects/proj4/example/booedit
2020-05-26 17:18:28  Started /home/ics45c/projects/proj4/out/bin/a.out.app
2020-05-26 17:18:44  Stopped /home/ics45c/projects/proj4/out/bin/a.out.app
2020-05-26 17:19:00  Started /home/ics45c/projects/proj4/out/bin/a.out.app
2020-05-26 17:19:39  Stopped /home/ics45c/projects/proj4/out/bin/a.out.app
2020-05-26 17:20:46  Started /home/ics45c/projects/proj4/out/bin/a.out.app
2020-05-26 17:24:29  Stopped /home/ics45c/projects/proj4/out/bin/a.out.app
2020-05-26 17:24:34  Started /home/ics45c/projects/proj4/out/bin/a.out.app
2020-05-26 17:24:56  Stopped /home/ics45c/projects/proj4/out/bin/a.out.app
2020-05-26 17:33:48  Started /home/ics45c/projects/proj4/example/booedit
2020-05-26 17:34:03  Stopped /home/ics45c/projects/proj4/example/booedit
2020-05-26 17:36:16  Started /home/ics45c/projects/proj4/example/booedit
2020-05-26 17:36:18  Stopped /home/ics45c/projects/proj4/example/booedit
2020-05-26 21:24:44  Started /home/ics45c/projects/proj4/out/bin/a.out.app
2020-05-26 21:24:45  a
2020-05-26 21:24:45  s
2020-05-26 21:24:45  j
2020-05-26 21:24:45  f
2020-05-26 21:24:45  l
2020-05-26 21:24:45  k
2020-05-26 21:24:45  s
2020-05-26 21:24:45  a
2020-05-26 21:24:46  d
2020-05-26 21:24:46  l
2020-05-26 21:24:46  k
2020-05-26 21:24:46  j
2020-05-26 21:24:46  l
2020-05-26 21:24:46  k
2020-05-26 21:24:46  j
2020-05-26 21:24:46  l
2020-05-26 21:24:46  k
2020-05-26 21:24:46  d
2020-05-26 21:24:46  s
2020-05-26 21:24:46  a
2020-05-26 21:24:46  j
2020-05-26 21:24:46  f
2020-05-26 21:24:46  l
2020-05-26 21:24:46  d
2020-05-26 21:24:46  s
2020-05-26 21:24:47  :
2020-05-26 21:24:47  q
2020-05-26 21:24:49  Stopped /home/ics45c/projects/proj4/out/bin/a.out.app
2020-05-26 21:37:39  Started /home/ics45c/projects/proj4/out/bin/a.out.app
2020-05-26 21:37:41  a
2020-05-26 21:37:41  a
2020-05-26 21:37:41  a
2020-05-26 21:37:41  a
2020-05-26 21:37:42  :
2020-05-26 21:37:43  Stopped /home/ics45c/projects/proj4/out/bin/a.out.app
